<?xml version="1.0" encoding="UTF-8"?>
<!-- Generated by org.testng.reporters.JUnitReportReporter -->
<testsuite skipped="0" hostname="DESKTOP-VF09DEB" name="com.crm.qa.testcases.LoginTest" tests="1" failures="0" timestamp="2020-10-25T15:47:39 MDT" time="12.770" errors="0">
  <testcase name="verifyLoginButtinText" time="12.770" classname="com.crm.qa.testcases.LoginTest"/>
  <system-out/>
</testsuite> <!-- com.crm.qa.testcases.LoginTest -->
