<?xml version="1.0" encoding="UTF-8"?>
<!-- Generated by org.testng.reporters.JUnitReportReporter -->
<testsuite skipped="0" hostname="DESKTOP-VF09DEB" name="com.crm.qa.testcases.ContactConfirmationPage" tests="1" failures="0" timestamp="2020-10-23T23:31:16 MDT" time="20.424" errors="0">
  <testcase name="createNewContacts" time="20.424" classname="com.crm.qa.testcases.ContactConfirmationPage"/>
  <system-out/>
</testsuite> <!-- com.crm.qa.testcases.ContactConfirmationPage -->
