<?xml version="1.0" encoding="UTF-8"?>
<!-- Generated by org.testng.reporters.JUnitReportReporter -->
<testsuite skipped="0" hostname="DESKTOP-VF09DEB" name="com.crm.qa.testcases.ContactsPageTest" tests="1" failures="0" timestamp="2020-10-04T15:00:13 MDT" time="18.446" errors="0">
  <testcase name="editContactTest" time="18.446" classname="com.crm.qa.testcases.ContactsPageTest"/>
  <system-out/>
</testsuite> <!-- com.crm.qa.testcases.ContactsPageTest -->
