<?xml version="1.0" encoding="UTF-8"?>
<!-- Generated by org.testng.reporters.JUnitReportReporter -->
<testsuite skipped="0" hostname="DESKTOP-VF09DEB" name="com.crm.qa.testcases.LoginTest" tests="1" failures="0" timestamp="2020-10-27T14:23:43 MDT" time="13.316" errors="0">
  <testcase name="getLoginPageFontSize" time="13.316" classname="com.crm.qa.testcases.LoginTest"/>
  <system-out/>
</testsuite> <!-- com.crm.qa.testcases.LoginTest -->
