<?xml version="1.0" encoding="UTF-8"?>
<!-- Generated by org.testng.reporters.JUnitReportReporter -->
<testsuite skipped="0" hostname="DESKTOP-VF09DEB" name="com.crm.qa.testcases.EditNewContactTest" tests="1" failures="0" timestamp="2020-10-08T21:57:53 MDT" time="19.493" errors="0">
  <testcase name="EditUserContactinfo" time="19.493" classname="com.crm.qa.testcases.EditNewContactTest"/>
  <system-out/>
</testsuite> <!-- com.crm.qa.testcases.EditNewContactTest -->
