<?xml version="1.0" encoding="UTF-8"?>
<!-- Generated by org.testng.reporters.JUnitReportReporter -->
<testsuite skipped="0" hostname="DESKTOP-VF09DEB" name="com.crm.qa.testcases.AddNewContactPage" tests="1" failures="0" timestamp="2020-10-23T23:24:32 MDT" time="18.527" errors="0">
  <testcase name="saveContactWithNoValueAdded" time="18.527" classname="com.crm.qa.testcases.AddNewContactPage"/>
  <system-out/>
</testsuite> <!-- com.crm.qa.testcases.AddNewContactPage -->
